<?xml version="1.0" encoding="UTF-8"?>
<!-- Generated by org.testng.reporters.JUnitXMLReporter -->
<testsuite hostname="DESKTOP-559VS32" ignored="0" name="Alti Time App Test Cases" tests="13" failures="1" timestamp="27 Aug 2021 01:06:31 GMT" time="151.537" errors="0">
  <testcase name="validateLoginPageTitleTest" time="0.049" classname="com.altitime.qa.testcase.LoginPageTest"/>
  <testcase name="validateTitleTest" time="0.038" classname="com.altitime.qa.testcase.TimeTrackPageTest">
    <failure type="java.lang.AssertionError" message="Title was not matched in time track page expected [actiTIME -  View Time-Track] but found [actiTIME - Login]">
      <![CDATA[java.lang.AssertionError: Title was not matched in time track page expected [actiTIME -  View Time-Track] but found [actiTIME - Login]
	at com.altitime.qa.testcase.TimeTrackPageTest.validateTitleTest(TimeTrackPageTest.java:31)
... Removed 34 stack frames]]>
    </failure>
  </testcase> <!-- validateTitleTest -->
  <testcase name="validateLogoDisplayedTest" time="0.106" classname="com.altitime.qa.testcase.LoginPageTest"/>
  <testcase name="validateSearchBoxDisplayedTest" time="4.388" classname="com.altitime.qa.testcase.TimeTrackPageTest"/>
  <testcase name="validateLoggedInCheckBoxDisplayedTest" time="0.112" classname="com.altitime.qa.testcase.LoginPageTest"/>
  <testcase name="validateLogoDisplayedTest" time="3.86" classname="com.altitime.qa.testcase.TimeTrackPageTest"/>
  <testcase name="validateForgotPasswordLinkDisplayedTest" time="0.089" classname="com.altitime.qa.testcase.LoginPageTest"/>
  <testcase name="validateUserNameDisplayedTest" time="4.113" classname="com.altitime.qa.testcase.TimeTrackPageTest"/>
  <testcase name="validateLoginButton" time="0.274" classname="com.altitime.qa.testcase.LoginPageTest"/>
  <testcase name="validateAddRecentTaskLinkDisplayedTest" time="3.701" classname="com.altitime.qa.testcase.TimeTrackPageTest"/>
  <testcase name="validateAddRecentTaskButtonDisplayedTest" time="4.849" classname="com.altitime.qa.testcase.TimeTrackPageTest"/>
  <testcase name="validateUserTabLinkDisplayedTest" time="5.113" classname="com.altitime.qa.testcase.TimeTrackPageTest"/>
  <testcase name="clickOnUserTabLinkDisplayedTest" time="6.522" classname="com.altitime.qa.testcase.TimeTrackPageTest"/>
</testsuite> <!-- Alti Time App Test Cases -->
