<?xml version="1.0" encoding="UTF-8"?>
<testng-results skipped="0" failed="1" ignored="0" total="13" passed="12">
  <reporter-output>
  </reporter-output>
  <suite name="Alti Time Application Test Automation Test Suite" duration-ms="151537" started-at="2021-08-27T01:04:00Z" finished-at="2021-08-27T01:06:31Z">
    <groups>
    </groups>
    <test name="Alti Time App Test Cases" duration-ms="151537" started-at="2021-08-27T01:04:00Z" finished-at="2021-08-27T01:06:31Z">
      <class name="com.altitime.qa.testcase.LoginPageTest">
        <test-method status="PASS" signature="setUp()[pri:0, instance:com.altitime.qa.testcase.LoginPageTest@59e84876]" name="setUp" is-config="true" duration-ms="9580" started-at="2021-08-27T06:34:00Z" finished-at="2021-08-27T06:34:10Z">
          <reporter-output>
          </reporter-output>
        </test-method> <!-- setUp -->
        <test-method status="PASS" signature="validateLoginPageTitleTest()[pri:1, instance:com.altitime.qa.testcase.LoginPageTest@59e84876]" name="validateLoginPageTitleTest" duration-ms="49" started-at="2021-08-27T06:34:10Z" finished-at="2021-08-27T06:34:10Z">
          <reporter-output>
          </reporter-output>
        </test-method> <!-- validateLoginPageTitleTest -->
        <test-method status="PASS" signature="tearDown()[pri:0, instance:com.altitime.qa.testcase.LoginPageTest@59e84876]" name="tearDown" is-config="true" duration-ms="708" started-at="2021-08-27T06:34:10Z" finished-at="2021-08-27T06:34:10Z">
          <reporter-output>
          </reporter-output>
        </test-method> <!-- tearDown -->
        <test-method status="PASS" signature="setUp()[pri:0, instance:com.altitime.qa.testcase.LoginPageTest@59e84876]" name="setUp" is-config="true" duration-ms="8090" started-at="2021-08-27T06:34:20Z" finished-at="2021-08-27T06:34:28Z">
          <reporter-output>
          </reporter-output>
        </test-method> <!-- setUp -->
        <test-method status="PASS" signature="validateLogoDisplayedTest()[pri:2, instance:com.altitime.qa.testcase.LoginPageTest@59e84876]" name="validateLogoDisplayedTest" duration-ms="106" started-at="2021-08-27T06:34:28Z" finished-at="2021-08-27T06:34:28Z">
          <reporter-output>
          </reporter-output>
        </test-method> <!-- validateLogoDisplayedTest -->
        <test-method status="PASS" signature="tearDown()[pri:0, instance:com.altitime.qa.testcase.LoginPageTest@59e84876]" name="tearDown" is-config="true" duration-ms="746" started-at="2021-08-27T06:34:28Z" finished-at="2021-08-27T06:34:29Z">
          <reporter-output>
          </reporter-output>
        </test-method> <!-- tearDown -->
        <test-method status="PASS" signature="setUp()[pri:0, instance:com.altitime.qa.testcase.LoginPageTest@59e84876]" name="setUp" is-config="true" duration-ms="8977" started-at="2021-08-27T06:34:42Z" finished-at="2021-08-27T06:34:51Z">
          <reporter-output>
          </reporter-output>
        </test-method> <!-- setUp -->
        <test-method status="PASS" signature="validateLoggedInCheckBoxDisplayedTest()[pri:3, instance:com.altitime.qa.testcase.LoginPageTest@59e84876]" name="validateLoggedInCheckBoxDisplayedTest" duration-ms="112" started-at="2021-08-27T06:34:51Z" finished-at="2021-08-27T06:34:51Z">
          <reporter-output>
          </reporter-output>
        </test-method> <!-- validateLoggedInCheckBoxDisplayedTest -->
        <test-method status="PASS" signature="tearDown()[pri:0, instance:com.altitime.qa.testcase.LoginPageTest@59e84876]" name="tearDown" is-config="true" duration-ms="704" started-at="2021-08-27T06:34:51Z" finished-at="2021-08-27T06:34:51Z">
          <reporter-output>
          </reporter-output>
        </test-method> <!-- tearDown -->
        <test-method status="PASS" signature="setUp()[pri:0, instance:com.altitime.qa.testcase.LoginPageTest@59e84876]" name="setUp" is-config="true" duration-ms="7700" started-at="2021-08-27T06:35:04Z" finished-at="2021-08-27T06:35:12Z">
          <reporter-output>
          </reporter-output>
        </test-method> <!-- setUp -->
        <test-method status="PASS" signature="validateForgotPasswordLinkDisplayedTest()[pri:4, instance:com.altitime.qa.testcase.LoginPageTest@59e84876]" name="validateForgotPasswordLinkDisplayedTest" duration-ms="89" started-at="2021-08-27T06:35:12Z" finished-at="2021-08-27T06:35:12Z">
          <reporter-output>
          </reporter-output>
        </test-method> <!-- validateForgotPasswordLinkDisplayedTest -->
        <test-method status="PASS" signature="tearDown()[pri:0, instance:com.altitime.qa.testcase.LoginPageTest@59e84876]" name="tearDown" is-config="true" duration-ms="694" started-at="2021-08-27T06:35:12Z" finished-at="2021-08-27T06:35:13Z">
          <reporter-output>
          </reporter-output>
        </test-method> <!-- tearDown -->
        <test-method status="PASS" signature="setUp()[pri:0, instance:com.altitime.qa.testcase.LoginPageTest@59e84876]" name="setUp" is-config="true" duration-ms="7623" started-at="2021-08-27T06:35:25Z" finished-at="2021-08-27T06:35:33Z">
          <reporter-output>
          </reporter-output>
        </test-method> <!-- setUp -->
        <test-method status="PASS" signature="validateLoginButton()[pri:5, instance:com.altitime.qa.testcase.LoginPageTest@59e84876]" name="validateLoginButton" duration-ms="274" started-at="2021-08-27T06:35:33Z" finished-at="2021-08-27T06:35:33Z">
          <reporter-output>
          </reporter-output>
        </test-method> <!-- validateLoginButton -->
        <test-method status="PASS" signature="tearDown()[pri:0, instance:com.altitime.qa.testcase.LoginPageTest@59e84876]" name="tearDown" is-config="true" duration-ms="681" started-at="2021-08-27T06:35:33Z" finished-at="2021-08-27T06:35:34Z">
          <reporter-output>
          </reporter-output>
        </test-method> <!-- tearDown -->
      </class> <!-- com.altitime.qa.testcase.LoginPageTest -->
      <class name="com.altitime.qa.testcase.TimeTrackPageTest">
        <test-method status="PASS" signature="setUp()[pri:0, instance:com.altitime.qa.testcase.TimeTrackPageTest@61a485d2]" name="setUp" is-config="true" duration-ms="8863" started-at="2021-08-27T06:34:10Z" finished-at="2021-08-27T06:34:19Z">
          <reporter-output>
          </reporter-output>
        </test-method> <!-- setUp -->
        <test-method status="FAIL" signature="validateTitleTest()[pri:1, instance:com.altitime.qa.testcase.TimeTrackPageTest@61a485d2]" name="validateTitleTest" duration-ms="38" started-at="2021-08-27T06:34:19Z" finished-at="2021-08-27T06:34:19Z">
          <exception class="java.lang.AssertionError">
            <message>
              <![CDATA[Title was not matched in time track page expected [actiTIME -  View Time-Track] but found [actiTIME - Login]]]>
            </message>
            <full-stacktrace>
              <![CDATA[java.lang.AssertionError: Title was not matched in time track page expected [actiTIME -  View Time-Track] but found [actiTIME - Login]
	at org.testng.Assert.fail(Assert.java:93)
	at org.testng.Assert.failNotEquals(Assert.java:512)
	at org.testng.Assert.assertEqualsImpl(Assert.java:134)
	at org.testng.Assert.assertEquals(Assert.java:115)
	at org.testng.Assert.assertEquals(Assert.java:189)
	at com.altitime.qa.testcase.TimeTrackPageTest.validateTitleTest(TimeTrackPageTest.java:31)
	at sun.reflect.NativeMethodAccessorImpl.invoke0(Native Method)
	at sun.reflect.NativeMethodAccessorImpl.invoke(NativeMethodAccessorImpl.java:62)
	at sun.reflect.DelegatingMethodAccessorImpl.invoke(DelegatingMethodAccessorImpl.java:43)
	at java.lang.reflect.Method.invoke(Method.java:498)
	at org.testng.internal.MethodInvocationHelper.invokeMethod(MethodInvocationHelper.java:108)
	at org.testng.internal.Invoker.invokeMethod(Invoker.java:661)
	at org.testng.internal.Invoker.invokeTestMethod(Invoker.java:869)
	at org.testng.internal.Invoker.invokeTestMethods(Invoker.java:1193)
	at org.testng.internal.TestMethodWorker.invokeTestMethods(TestMethodWorker.java:126)
	at org.testng.internal.TestMethodWorker.run(TestMethodWorker.java:109)
	at org.testng.TestRunner.privateRun(TestRunner.java:744)
	at org.testng.TestRunner.run(TestRunner.java:602)
	at org.testng.SuiteRunner.runTest(SuiteRunner.java:380)
	at org.testng.SuiteRunner.runSequentially(SuiteRunner.java:375)
	at org.testng.SuiteRunner.privateRun(SuiteRunner.java:340)
	at org.testng.SuiteRunner.run(SuiteRunner.java:289)
	at org.testng.SuiteRunnerWorker.runSuite(SuiteRunnerWorker.java:52)
	at org.testng.SuiteRunnerWorker.run(SuiteRunnerWorker.java:86)
	at org.testng.TestNG.runSuitesSequentially(TestNG.java:1301)
	at org.testng.TestNG.runSuitesLocally(TestNG.java:1226)
	at org.testng.TestNG.runSuites(TestNG.java:1144)
	at org.testng.TestNG.run(TestNG.java:1115)
	at org.apache.maven.surefire.testng.TestNGExecutor.run(TestNGExecutor.java:284)
	at org.apache.maven.surefire.testng.TestNGXmlTestSuite.execute(TestNGXmlTestSuite.java:75)
	at org.apache.maven.surefire.testng.TestNGProvider.invoke(TestNGProvider.java:119)
	at org.apache.maven.surefire.booter.ForkedBooter.runSuitesInProcess(ForkedBooter.java:428)
	at org.apache.maven.surefire.booter.ForkedBooter.execute(ForkedBooter.java:162)
	at org.apache.maven.surefire.booter.ForkedBooter.run(ForkedBooter.java:562)
	at org.apache.maven.surefire.booter.ForkedBooter.main(ForkedBooter.java:548)
]]>
            </full-stacktrace>
          </exception> <!-- java.lang.AssertionError -->
          <reporter-output>
          </reporter-output>
        </test-method> <!-- validateTitleTest -->
        <test-method status="PASS" signature="tearDown()[pri:0, instance:com.altitime.qa.testcase.TimeTrackPageTest@61a485d2]" name="tearDown" is-config="true" duration-ms="698" started-at="2021-08-27T06:34:19Z" finished-at="2021-08-27T06:34:20Z">
          <reporter-output>
          </reporter-output>
        </test-method> <!-- tearDown -->
        <test-method status="PASS" signature="setUp()[pri:0, instance:com.altitime.qa.testcase.TimeTrackPageTest@61a485d2]" name="setUp" is-config="true" duration-ms="7506" started-at="2021-08-27T06:34:29Z" finished-at="2021-08-27T06:34:36Z">
          <reporter-output>
          </reporter-output>
        </test-method> <!-- setUp -->
        <test-method status="PASS" signature="validateSearchBoxDisplayedTest()[pri:2, instance:com.altitime.qa.testcase.TimeTrackPageTest@61a485d2]" name="validateSearchBoxDisplayedTest" duration-ms="4388" started-at="2021-08-27T06:34:36Z" finished-at="2021-08-27T06:34:41Z">
          <reporter-output>
          </reporter-output>
        </test-method> <!-- validateSearchBoxDisplayedTest -->
        <test-method status="PASS" signature="tearDown()[pri:0, instance:com.altitime.qa.testcase.TimeTrackPageTest@61a485d2]" name="tearDown" is-config="true" duration-ms="859" started-at="2021-08-27T06:34:41Z" finished-at="2021-08-27T06:34:42Z">
          <reporter-output>
          </reporter-output>
        </test-method> <!-- tearDown -->
        <test-method status="PASS" signature="setUp()[pri:0, instance:com.altitime.qa.testcase.TimeTrackPageTest@61a485d2]" name="setUp" is-config="true" duration-ms="8422" started-at="2021-08-27T06:34:51Z" finished-at="2021-08-27T06:35:00Z">
          <reporter-output>
          </reporter-output>
        </test-method> <!-- setUp -->
        <test-method status="PASS" signature="validateLogoDisplayedTest()[pri:3, instance:com.altitime.qa.testcase.TimeTrackPageTest@61a485d2]" name="validateLogoDisplayedTest" duration-ms="3860" started-at="2021-08-27T06:35:00Z" finished-at="2021-08-27T06:35:04Z">
          <reporter-output>
          </reporter-output>
        </test-method> <!-- validateLogoDisplayedTest -->
        <test-method status="PASS" signature="tearDown()[pri:0, instance:com.altitime.qa.testcase.TimeTrackPageTest@61a485d2]" name="tearDown" is-config="true" duration-ms="696" started-at="2021-08-27T06:35:04Z" finished-at="2021-08-27T06:35:04Z">
          <reporter-output>
          </reporter-output>
        </test-method> <!-- tearDown -->
        <test-method status="PASS" signature="setUp()[pri:0, instance:com.altitime.qa.testcase.TimeTrackPageTest@61a485d2]" name="setUp" is-config="true" duration-ms="7835" started-at="2021-08-27T06:35:13Z" finished-at="2021-08-27T06:35:21Z">
          <reporter-output>
          </reporter-output>
        </test-method> <!-- setUp -->
        <test-method status="PASS" signature="validateUserNameDisplayedTest()[pri:4, instance:com.altitime.qa.testcase.TimeTrackPageTest@61a485d2]" name="validateUserNameDisplayedTest" duration-ms="4113" started-at="2021-08-27T06:35:21Z" finished-at="2021-08-27T06:35:25Z">
          <reporter-output>
          </reporter-output>
        </test-method> <!-- validateUserNameDisplayedTest -->
        <test-method status="PASS" signature="tearDown()[pri:0, instance:com.altitime.qa.testcase.TimeTrackPageTest@61a485d2]" name="tearDown" is-config="true" duration-ms="687" started-at="2021-08-27T06:35:25Z" finished-at="2021-08-27T06:35:25Z">
          <reporter-output>
          </reporter-output>
        </test-method> <!-- tearDown -->
        <test-method status="PASS" signature="setUp()[pri:0, instance:com.altitime.qa.testcase.TimeTrackPageTest@61a485d2]" name="setUp" is-config="true" duration-ms="8114" started-at="2021-08-27T06:35:34Z" finished-at="2021-08-27T06:35:42Z">
          <reporter-output>
          </reporter-output>
        </test-method> <!-- setUp -->
        <test-method status="PASS" signature="validateAddRecentTaskLinkDisplayedTest()[pri:5, instance:com.altitime.qa.testcase.TimeTrackPageTest@61a485d2]" name="validateAddRecentTaskLinkDisplayedTest" duration-ms="3701" started-at="2021-08-27T06:35:42Z" finished-at="2021-08-27T06:35:46Z">
          <reporter-output>
          </reporter-output>
        </test-method> <!-- validateAddRecentTaskLinkDisplayedTest -->
        <test-method status="PASS" signature="tearDown()[pri:0, instance:com.altitime.qa.testcase.TimeTrackPageTest@61a485d2]" name="tearDown" is-config="true" duration-ms="701" started-at="2021-08-27T06:35:46Z" finished-at="2021-08-27T06:35:47Z">
          <reporter-output>
          </reporter-output>
        </test-method> <!-- tearDown -->
        <test-method status="PASS" signature="setUp()[pri:0, instance:com.altitime.qa.testcase.TimeTrackPageTest@61a485d2]" name="setUp" is-config="true" duration-ms="8890" started-at="2021-08-27T06:35:47Z" finished-at="2021-08-27T06:35:55Z">
          <reporter-output>
          </reporter-output>
        </test-method> <!-- setUp -->
        <test-method status="PASS" signature="validateAddRecentTaskButtonDisplayedTest()[pri:6, instance:com.altitime.qa.testcase.TimeTrackPageTest@61a485d2]" name="validateAddRecentTaskButtonDisplayedTest" duration-ms="4849" started-at="2021-08-27T06:35:55Z" finished-at="2021-08-27T06:36:00Z">
          <reporter-output>
          </reporter-output>
        </test-method> <!-- validateAddRecentTaskButtonDisplayedTest -->
        <test-method status="PASS" signature="tearDown()[pri:0, instance:com.altitime.qa.testcase.TimeTrackPageTest@61a485d2]" name="tearDown" is-config="true" duration-ms="696" started-at="2021-08-27T06:36:00Z" finished-at="2021-08-27T06:36:01Z">
          <reporter-output>
          </reporter-output>
        </test-method> <!-- tearDown -->
        <test-method status="PASS" signature="setUp()[pri:0, instance:com.altitime.qa.testcase.TimeTrackPageTest@61a485d2]" name="setUp" is-config="true" duration-ms="8339" started-at="2021-08-27T06:36:01Z" finished-at="2021-08-27T06:36:09Z">
          <reporter-output>
          </reporter-output>
        </test-method> <!-- setUp -->
        <test-method status="PASS" signature="validateUserTabLinkDisplayedTest()[pri:7, instance:com.altitime.qa.testcase.TimeTrackPageTest@61a485d2]" name="validateUserTabLinkDisplayedTest" duration-ms="5113" started-at="2021-08-27T06:36:09Z" finished-at="2021-08-27T06:36:14Z">
          <reporter-output>
          </reporter-output>
        </test-method> <!-- validateUserTabLinkDisplayedTest -->
        <test-method status="PASS" signature="tearDown()[pri:0, instance:com.altitime.qa.testcase.TimeTrackPageTest@61a485d2]" name="tearDown" is-config="true" duration-ms="706" started-at="2021-08-27T06:36:14Z" finished-at="2021-08-27T06:36:15Z">
          <reporter-output>
          </reporter-output>
        </test-method> <!-- tearDown -->
        <test-method status="PASS" signature="setUp()[pri:0, instance:com.altitime.qa.testcase.TimeTrackPageTest@61a485d2]" name="setUp" is-config="true" duration-ms="8975" started-at="2021-08-27T06:36:15Z" finished-at="2021-08-27T06:36:24Z">
          <reporter-output>
          </reporter-output>
        </test-method> <!-- setUp -->
        <test-method status="PASS" signature="clickOnUserTabLinkDisplayedTest()[pri:8, instance:com.altitime.qa.testcase.TimeTrackPageTest@61a485d2]" name="clickOnUserTabLinkDisplayedTest" duration-ms="6522" started-at="2021-08-27T06:36:24Z" finished-at="2021-08-27T06:36:31Z">
          <reporter-output>
          </reporter-output>
        </test-method> <!-- clickOnUserTabLinkDisplayedTest -->
        <test-method status="PASS" signature="tearDown()[pri:0, instance:com.altitime.qa.testcase.TimeTrackPageTest@61a485d2]" name="tearDown" is-config="true" duration-ms="789" started-at="2021-08-27T06:36:31Z" finished-at="2021-08-27T06:36:31Z">
          <reporter-output>
          </reporter-output>
        </test-method> <!-- tearDown -->
      </class> <!-- com.altitime.qa.testcase.TimeTrackPageTest -->
    </test> <!-- Alti Time App Test Cases -->
  </suite> <!-- Alti Time Application Test Automation Test Suite -->
</testng-results>
