<?xml version="1.0" encoding="UTF-8"?>
<testsuite xmlns:xsi="http://www.w3.org/2001/XMLSchema-instance" xsi:noNamespaceSchemaLocation="https://maven.apache.org/surefire/maven-surefire-plugin/xsd/surefire-test-report-3.0.xsd" version="3.0" name="TestSuite" time="152.506" tests="13" errors="0" skipped="0" failures="1">
  <properties>
    <property name="sun.desktop" value="windows"/>
    <property name="awt.toolkit" value="sun.awt.windows.WToolkit"/>
    <property name="file.encoding.pkg" value="sun.io"/>
    <property name="java.specification.version" value="1.8"/>
    <property name="webdriver.chrome.driver" value="C:\Malli Softwares\chromedriver_win32\chromedriver.exe"/>
    <property name="sun.cpu.isalist" value="amd64"/>
    <property name="sun.jnu.encoding" value="Cp1252"/>
    <property name="java.class.path" value="C:\Users\malli\workspace\automation\AltiTimeAppAutomation\target\test-classes;C:\Users\malli\workspace\automation\AltiTimeAppAutomation\target\classes;C:\Users\malli\.m2\repository\org\seleniumhq\selenium\selenium-java\3.14.0\selenium-java-3.14.0.jar;C:\Users\malli\.m2\repository\org\seleniumhq\selenium\selenium-api\3.14.0\selenium-api-3.14.0.jar;C:\Users\malli\.m2\repository\org\seleniumhq\selenium\selenium-chrome-driver\3.14.0\selenium-chrome-driver-3.14.0.jar;C:\Users\malli\.m2\repository\org\seleniumhq\selenium\selenium-edge-driver\3.14.0\selenium-edge-driver-3.14.0.jar;C:\Users\malli\.m2\repository\org\seleniumhq\selenium\selenium-firefox-driver\3.14.0\selenium-firefox-driver-3.14.0.jar;C:\Users\malli\.m2\repository\org\seleniumhq\selenium\selenium-ie-driver\3.14.0\selenium-ie-driver-3.14.0.jar;C:\Users\malli\.m2\repository\org\seleniumhq\selenium\selenium-opera-driver\3.14.0\selenium-opera-driver-3.14.0.jar;C:\Users\malli\.m2\repository\org\seleniumhq\selenium\selenium-remote-driver\3.14.0\selenium-remote-driver-3.14.0.jar;C:\Users\malli\.m2\repository\org\seleniumhq\selenium\selenium-safari-driver\3.14.0\selenium-safari-driver-3.14.0.jar;C:\Users\malli\.m2\repository\org\seleniumhq\selenium\selenium-support\3.14.0\selenium-support-3.14.0.jar;C:\Users\malli\.m2\repository\net\bytebuddy\byte-buddy\1.8.15\byte-buddy-1.8.15.jar;C:\Users\malli\.m2\repository\org\apache\commons\commons-exec\1.3\commons-exec-1.3.jar;C:\Users\malli\.m2\repository\commons-codec\commons-codec\1.10\commons-codec-1.10.jar;C:\Users\malli\.m2\repository\commons-logging\commons-logging\1.2\commons-logging-1.2.jar;C:\Users\malli\.m2\repository\com\google\guava\guava\25.0-jre\guava-25.0-jre.jar;C:\Users\malli\.m2\repository\com\google\code\findbugs\jsr305\1.3.9\jsr305-1.3.9.jar;C:\Users\malli\.m2\repository\org\checkerframework\checker-compat-qual\2.0.0\checker-compat-qual-2.0.0.jar;C:\Users\malli\.m2\repository\com\google\errorprone\error_prone_annotations\2.1.3\error_prone_annotations-2.1.3.jar;C:\Users\malli\.m2\repository\com\google\j2objc\j2objc-annotations\1.1\j2objc-annotations-1.1.jar;C:\Users\malli\.m2\repository\org\codehaus\mojo\animal-sniffer-annotations\1.14\animal-sniffer-annotations-1.14.jar;C:\Users\malli\.m2\repository\org\apache\httpcomponents\httpclient\4.5.5\httpclient-4.5.5.jar;C:\Users\malli\.m2\repository\org\apache\httpcomponents\httpcore\4.4.9\httpcore-4.4.9.jar;C:\Users\malli\.m2\repository\com\squareup\okhttp3\okhttp\3.10.0\okhttp-3.10.0.jar;C:\Users\malli\.m2\repository\com\squareup\okio\okio\1.14.1\okio-1.14.1.jar;C:\Users\malli\.m2\repository\org\testng\testng\6.11\testng-6.11.jar;C:\Users\malli\.m2\repository\com\beust\jcommander\1.64\jcommander-1.64.jar;C:\Users\malli\.m2\repository\org\yaml\snakeyaml\1.17\snakeyaml-1.17.jar;C:\Users\malli\.m2\repository\org\apache\poi\poi\3.9\poi-3.9.jar;C:\Users\malli\.m2\repository\org\apache\poi\poi-ooxml\3.9\poi-ooxml-3.9.jar;C:\Users\malli\.m2\repository\dom4j\dom4j\1.6.1\dom4j-1.6.1.jar;C:\Users\malli\.m2\repository\xml-apis\xml-apis\1.0.b2\xml-apis-1.0.b2.jar;C:\Users\malli\.m2\repository\org\apache\poi\poi-ooxml-schemas\3.9\poi-ooxml-schemas-3.9.jar;C:\Users\malli\.m2\repository\org\apache\xmlbeans\xmlbeans\2.3.0\xmlbeans-2.3.0.jar;C:\Users\malli\.m2\repository\stax\stax-api\1.0.1\stax-api-1.0.1.jar;C:\Users\malli\.m2\repository\org\apache\poi\poi-scratchpad\3.9\poi-scratchpad-3.9.jar;C:\Users\malli\.m2\repository\org\apache\poi\ooxml-schemas\1.1\ooxml-schemas-1.1.jar;C:\Users\malli\.m2\repository\org\apache\poi\openxml4j\1.0-beta\openxml4j-1.0-beta.jar;C:\Users\malli\.m2\repository\log4j\log4j\1.2.8\log4j-1.2.8.jar;C:\Users\malli\.m2\repository\com\relevantcodes\extentreports\2.41.2\extentreports-2.41.2.jar;C:\Users\malli\.m2\repository\org\jsoup\jsoup\1.8.3\jsoup-1.8.3.jar;C:\Users\malli\.m2\repository\org\xerial\sqlite-jdbc\3.8.11.1\sqlite-jdbc-3.8.11.1.jar;C:\Users\malli\.m2\repository\org\freemarker\freemarker\2.3.23\freemarker-2.3.23.jar;C:\Users\malli\.m2\repository\org\mongodb\mongodb-driver\3.0.4\mongodb-driver-3.0.4.jar;C:\Users\malli\.m2\repository\org\mongodb\bson\3.0.4\bson-3.0.4.jar;C:\Users\malli\.m2\repository\org\mongodb\mongodb-driver-core\3.0.4\mongodb-driver-core-3.0.4.jar;C:\Users\malli\.m2\repository\commons-io\commons-io\2.6\commons-io-2.6.jar;"/>
    <property name="java.vm.vendor" value="Oracle Corporation"/>
    <property name="sun.arch.data.model" value="64"/>
    <property name="user.variant" value=""/>
    <property name="java.vendor.url" value="http://java.oracle.com/"/>
    <property name="user.timezone" value="Asia/Calcutta"/>
    <property name="java.vm.specification.version" value="1.8"/>
    <property name="os.name" value="Windows 10"/>
    <property name="user.country" value="IN"/>
    <property name="sun.java.launcher" value="SUN_STANDARD"/>
    <property name="sun.boot.library.path" value="C:\Program Files\Java\jdk1.8.0_301\jre\bin"/>
    <property name="sun.java.command" value="C:\Users\malli\AppData\Local\Temp\surefire2614210906070658592\surefirebooter5049776864729874831.jar C:\Users\malli\AppData\Local\Temp\surefire2614210906070658592 2021-08-27T06-33-58_368-jvmRun1 surefire4800620100443190895tmp surefire_03533121697722800594tmp"/>
    <property name="surefire.test.class.path" value="C:\Users\malli\workspace\automation\AltiTimeAppAutomation\target\test-classes;C:\Users\malli\workspace\automation\AltiTimeAppAutomation\target\classes;C:\Users\malli\.m2\repository\org\seleniumhq\selenium\selenium-java\3.14.0\selenium-java-3.14.0.jar;C:\Users\malli\.m2\repository\org\seleniumhq\selenium\selenium-api\3.14.0\selenium-api-3.14.0.jar;C:\Users\malli\.m2\repository\org\seleniumhq\selenium\selenium-chrome-driver\3.14.0\selenium-chrome-driver-3.14.0.jar;C:\Users\malli\.m2\repository\org\seleniumhq\selenium\selenium-edge-driver\3.14.0\selenium-edge-driver-3.14.0.jar;C:\Users\malli\.m2\repository\org\seleniumhq\selenium\selenium-firefox-driver\3.14.0\selenium-firefox-driver-3.14.0.jar;C:\Users\malli\.m2\repository\org\seleniumhq\selenium\selenium-ie-driver\3.14.0\selenium-ie-driver-3.14.0.jar;C:\Users\malli\.m2\repository\org\seleniumhq\selenium\selenium-opera-driver\3.14.0\selenium-opera-driver-3.14.0.jar;C:\Users\malli\.m2\repository\org\seleniumhq\selenium\selenium-remote-driver\3.14.0\selenium-remote-driver-3.14.0.jar;C:\Users\malli\.m2\repository\org\seleniumhq\selenium\selenium-safari-driver\3.14.0\selenium-safari-driver-3.14.0.jar;C:\Users\malli\.m2\repository\org\seleniumhq\selenium\selenium-support\3.14.0\selenium-support-3.14.0.jar;C:\Users\malli\.m2\repository\net\bytebuddy\byte-buddy\1.8.15\byte-buddy-1.8.15.jar;C:\Users\malli\.m2\repository\org\apache\commons\commons-exec\1.3\commons-exec-1.3.jar;C:\Users\malli\.m2\repository\commons-codec\commons-codec\1.10\commons-codec-1.10.jar;C:\Users\malli\.m2\repository\commons-logging\commons-logging\1.2\commons-logging-1.2.jar;C:\Users\malli\.m2\repository\com\google\guava\guava\25.0-jre\guava-25.0-jre.jar;C:\Users\malli\.m2\repository\com\google\code\findbugs\jsr305\1.3.9\jsr305-1.3.9.jar;C:\Users\malli\.m2\repository\org\checkerframework\checker-compat-qual\2.0.0\checker-compat-qual-2.0.0.jar;C:\Users\malli\.m2\repository\com\google\errorprone\error_prone_annotations\2.1.3\error_prone_annotations-2.1.3.jar;C:\Users\malli\.m2\repository\com\google\j2objc\j2objc-annotations\1.1\j2objc-annotations-1.1.jar;C:\Users\malli\.m2\repository\org\codehaus\mojo\animal-sniffer-annotations\1.14\animal-sniffer-annotations-1.14.jar;C:\Users\malli\.m2\repository\org\apache\httpcomponents\httpclient\4.5.5\httpclient-4.5.5.jar;C:\Users\malli\.m2\repository\org\apache\httpcomponents\httpcore\4.4.9\httpcore-4.4.9.jar;C:\Users\malli\.m2\repository\com\squareup\okhttp3\okhttp\3.10.0\okhttp-3.10.0.jar;C:\Users\malli\.m2\repository\com\squareup\okio\okio\1.14.1\okio-1.14.1.jar;C:\Users\malli\.m2\repository\org\testng\testng\6.11\testng-6.11.jar;C:\Users\malli\.m2\repository\com\beust\jcommander\1.64\jcommander-1.64.jar;C:\Users\malli\.m2\repository\org\yaml\snakeyaml\1.17\snakeyaml-1.17.jar;C:\Users\malli\.m2\repository\org\apache\poi\poi\3.9\poi-3.9.jar;C:\Users\malli\.m2\repository\org\apache\poi\poi-ooxml\3.9\poi-ooxml-3.9.jar;C:\Users\malli\.m2\repository\dom4j\dom4j\1.6.1\dom4j-1.6.1.jar;C:\Users\malli\.m2\repository\xml-apis\xml-apis\1.0.b2\xml-apis-1.0.b2.jar;C:\Users\malli\.m2\repository\org\apache\poi\poi-ooxml-schemas\3.9\poi-ooxml-schemas-3.9.jar;C:\Users\malli\.m2\repository\org\apache\xmlbeans\xmlbeans\2.3.0\xmlbeans-2.3.0.jar;C:\Users\malli\.m2\repository\stax\stax-api\1.0.1\stax-api-1.0.1.jar;C:\Users\malli\.m2\repository\org\apache\poi\poi-scratchpad\3.9\poi-scratchpad-3.9.jar;C:\Users\malli\.m2\repository\org\apache\poi\ooxml-schemas\1.1\ooxml-schemas-1.1.jar;C:\Users\malli\.m2\repository\org\apache\poi\openxml4j\1.0-beta\openxml4j-1.0-beta.jar;C:\Users\malli\.m2\repository\log4j\log4j\1.2.8\log4j-1.2.8.jar;C:\Users\malli\.m2\repository\com\relevantcodes\extentreports\2.41.2\extentreports-2.41.2.jar;C:\Users\malli\.m2\repository\org\jsoup\jsoup\1.8.3\jsoup-1.8.3.jar;C:\Users\malli\.m2\repository\org\xerial\sqlite-jdbc\3.8.11.1\sqlite-jdbc-3.8.11.1.jar;C:\Users\malli\.m2\repository\org\freemarker\freemarker\2.3.23\freemarker-2.3.23.jar;C:\Users\malli\.m2\repository\org\mongodb\mongodb-driver\3.0.4\mongodb-driver-3.0.4.jar;C:\Users\malli\.m2\repository\org\mongodb\bson\3.0.4\bson-3.0.4.jar;C:\Users\malli\.m2\repository\org\mongodb\mongodb-driver-core\3.0.4\mongodb-driver-core-3.0.4.jar;C:\Users\malli\.m2\repository\commons-io\commons-io\2.6\commons-io-2.6.jar;"/>
    <property name="sun.cpu.endian" value="little"/>
    <property name="user.home" value="C:\Users\malli"/>
    <property name="user.language" value="en"/>
    <property name="java.specification.vendor" value="Oracle Corporation"/>
    <property name="java.home" value="C:\Program Files\Java\jdk1.8.0_301\jre"/>
    <property name="basedir" value="C:\Users\malli\workspace\automation\AltiTimeAppAutomation"/>
    <property name="file.separator" value="\"/>
    <property name="line.separator" value="&#10;"/>
    <property name="java.vm.specification.vendor" value="Oracle Corporation"/>
    <property name="java.specification.name" value="Java Platform API Specification"/>
    <property name="java.awt.graphicsenv" value="sun.awt.Win32GraphicsEnvironment"/>
    <property name="surefire.real.class.path" value="C:\Users\malli\AppData\Local\Temp\surefire2614210906070658592\surefirebooter5049776864729874831.jar"/>
    <property name="sun.boot.class.path" value="C:\Program Files\Java\jdk1.8.0_301\jre\lib\resources.jar;C:\Program Files\Java\jdk1.8.0_301\jre\lib\rt.jar;C:\Program Files\Java\jdk1.8.0_301\jre\lib\sunrsasign.jar;C:\Program Files\Java\jdk1.8.0_301\jre\lib\jsse.jar;C:\Program Files\Java\jdk1.8.0_301\jre\lib\jce.jar;C:\Program Files\Java\jdk1.8.0_301\jre\lib\charsets.jar;C:\Program Files\Java\jdk1.8.0_301\jre\lib\jfr.jar;C:\Program Files\Java\jdk1.8.0_301\jre\classes"/>
    <property name="user.script" value=""/>
    <property name="sun.management.compiler" value="HotSpot 64-Bit Tiered Compilers"/>
    <property name="java.runtime.version" value="1.8.0_301-b09"/>
    <property name="user.name" value="malli"/>
    <property name="path.separator" value=";"/>
    <property name="os.version" value="10.0"/>
    <property name="java.endorsed.dirs" value="C:\Program Files\Java\jdk1.8.0_301\jre\lib\endorsed"/>
    <property name="java.runtime.name" value="Java(TM) SE Runtime Environment"/>
    <property name="file.encoding" value="Cp1252"/>
    <property name="java.vm.name" value="Java HotSpot(TM) 64-Bit Server VM"/>
    <property name="localRepository" value="C:\Users\malli\.m2\repository"/>
    <property name="java.vendor.url.bug" value="http://bugreport.sun.com/bugreport/"/>
    <property name="java.io.tmpdir" value="C:\Users\malli\AppData\Local\Temp\"/>
    <property name="java.version" value="1.8.0_301"/>
    <property name="user.dir" value="C:\Users\malli\workspace\automation\AltiTimeAppAutomation"/>
    <property name="os.arch" value="amd64"/>
    <property name="java.vm.specification.name" value="Java Virtual Machine Specification"/>
    <property name="java.awt.printerjob" value="sun.awt.windows.WPrinterJob"/>
    <property name="sun.os.patch.level" value=""/>
    <property name="java.library.path" value="C:\Program Files\Java\jdk1.8.0_301\jre\bin;C:\Windows\Sun\Java\bin;C:\Windows\system32;C:\Windows;C:\Users\malli\.jenkins\tools\hudson.tasks.Maven_MavenInstallation\TestMaven/bin;C:\Program Files\Java\jdk1.8.0_301/bin;C:\Program Files\Java\jdk1.8.0_301/bin;C:\Program Files (x86)\Common Files\Oracle\Java\javapath;C:\Windows\system32;C:\Windows;C:\Windows\System32\Wbem;C:\Windows\System32\WindowsPowerShell\v1.0\;C:\Windows\System32\OpenSSH\;C:\Program Files\Java\jdk1.8.0_301\bin;C:\Malli Softwares\apache-maven-3.8.1-bin\apache-maven-3.8.1\bin;C:\Users\malli\AppData\Local\Microsoft\WindowsApps;;."/>
    <property name="java.vm.info" value="mixed mode"/>
    <property name="java.vendor" value="Oracle Corporation"/>
    <property name="java.vm.version" value="25.301-b09"/>
    <property name="xmlSuiteFileName" value="C:\Users\malli\workspace\automation\AltiTimeAppAutomation\src\main\resources\testng.xml"/>
    <property name="java.ext.dirs" value="C:\Program Files\Java\jdk1.8.0_301\jre\lib\ext;C:\Windows\Sun\Java\lib\ext"/>
    <property name="sun.io.unicode.encoding" value="UnicodeLittle"/>
    <property name="java.class.version" value="52.0"/>
  </properties>
  <testcase name="validateLoginPageTitleTest" classname="com.altitime.qa.testcase.LoginPageTest" time="0.008">
    <system-out><![CDATA[Before navigating to: 'https://demo.actitime.com/login.do'
Navigated to:'https://demo.actitime.com/login.do'
]]></system-out>
    <system-err><![CDATA[Starting ChromeDriver 92.0.4515.43 (8c61b7e2989f2990d42f859cac71319137787cce-refs/branch-heads/4515@{#306}) on port 47194
Only local connections are allowed.
Please see https://chromedriver.chromium.org/security-considerations for suggestions on keeping ChromeDriver safe.
ChromeDriver was started successfully.
Aug 27, 2021 6:34:03 AM org.openqa.selenium.remote.ProtocolHandshake createSession
INFO: Detected dialect: W3C
]]></system-err>
  </testcase>
  <testcase name="validateLogoDisplayedTest" classname="com.altitime.qa.testcase.LoginPageTest" time="0.098">
    <system-out><![CDATA[Before navigating to: 'https://demo.actitime.com/login.do'
Navigated to:'https://demo.actitime.com/login.do'
Trying to find Element By : By.xpath: //div[@class='atLogoImg']
Found Element By : By.xpath: //div[@class='atLogoImg']
]]></system-out>
    <system-err><![CDATA[Starting ChromeDriver 92.0.4515.43 (8c61b7e2989f2990d42f859cac71319137787cce-refs/branch-heads/4515@{#306}) on port 18721
Only local connections are allowed.
Please see https://chromedriver.chromium.org/security-considerations for suggestions on keeping ChromeDriver safe.
ChromeDriver was started successfully.
Aug 27, 2021 6:34:21 AM org.openqa.selenium.remote.ProtocolHandshake createSession
INFO: Detected dialect: W3C
]]></system-err>
  </testcase>
  <testcase name="validateLoggedInCheckBoxDisplayedTest" classname="com.altitime.qa.testcase.LoginPageTest" time="0.099">
    <system-out><![CDATA[Before navigating to: 'https://demo.actitime.com/login.do'
Navigated to:'https://demo.actitime.com/login.do'
Trying to find Element By : By.id: keepLoggedInCheckBox
Found Element By : By.id: keepLoggedInCheckBox
]]></system-out>
    <system-err><![CDATA[Starting ChromeDriver 92.0.4515.43 (8c61b7e2989f2990d42f859cac71319137787cce-refs/branch-heads/4515@{#306}) on port 4553
Only local connections are allowed.
Please see https://chromedriver.chromium.org/security-considerations for suggestions on keeping ChromeDriver safe.
ChromeDriver was started successfully.
Aug 27, 2021 6:34:44 AM org.openqa.selenium.remote.ProtocolHandshake createSession
INFO: Detected dialect: W3C
]]></system-err>
  </testcase>
  <testcase name="validateForgotPasswordLinkDisplayedTest" classname="com.altitime.qa.testcase.LoginPageTest" time="0.073">
    <system-out><![CDATA[Before navigating to: 'https://demo.actitime.com/login.do'
Navigated to:'https://demo.actitime.com/login.do'
Trying to find Element By : By.id: toPasswordRecoveryPageLink
Found Element By : By.id: toPasswordRecoveryPageLink
]]></system-out>
    <system-err><![CDATA[Starting ChromeDriver 92.0.4515.43 (8c61b7e2989f2990d42f859cac71319137787cce-refs/branch-heads/4515@{#306}) on port 36205
Only local connections are allowed.
Please see https://chromedriver.chromium.org/security-considerations for suggestions on keeping ChromeDriver safe.
ChromeDriver was started successfully.
Aug 27, 2021 6:35:06 AM org.openqa.selenium.remote.ProtocolHandshake createSession
INFO: Detected dialect: W3C
]]></system-err>
  </testcase>
  <testcase name="validateLoginButton" classname="com.altitime.qa.testcase.LoginPageTest" time="0.266">
    <system-out><![CDATA[Before navigating to: 'https://demo.actitime.com/login.do'
Navigated to:'https://demo.actitime.com/login.do'
user name : admin    password:  manager
Trying to find Element By : By.id: username
Found Element By : By.id: username
Trying to find Element By : By.name: pwd
Found Element By : By.name: pwd
Trying to find Element By : By.xpath: //div[text()='Login ']
Found Element By : By.xpath: //div[text()='Login ']
Trying to click on: [[ChromeDriver: chrome on WINDOWS (d00b4f24b920e8a6dc132502291bb5bd)] -> xpath: //div[text()='Login ']]
Clicked on: [[ChromeDriver: chrome on WINDOWS (d00b4f24b920e8a6dc132502291bb5bd)] -> xpath: //div[text()='Login ']]
after login button click
Timetrack page class nameclass com.altitime.qa.testpage.TimeTrackPage
]]></system-out>
    <system-err><![CDATA[Starting ChromeDriver 92.0.4515.43 (8c61b7e2989f2990d42f859cac71319137787cce-refs/branch-heads/4515@{#306}) on port 48071
Only local connections are allowed.
Please see https://chromedriver.chromium.org/security-considerations for suggestions on keeping ChromeDriver safe.
ChromeDriver was started successfully.
Aug 27, 2021 6:35:27 AM org.openqa.selenium.remote.ProtocolHandshake createSession
INFO: Detected dialect: W3C
]]></system-err>
  </testcase>
  <testcase name="validateTitleTest" classname="com.altitime.qa.testcase.TimeTrackPageTest" time="0.021">
    <failure message="Title was not matched in time track page expected [actiTIME -  View Time-Track] but found [actiTIME - Login]" type="java.lang.AssertionError"><![CDATA[java.lang.AssertionError: Title was not matched in time track page expected [actiTIME -  View Time-Track] but found [actiTIME - Login]
	at com.altitime.qa.testcase.TimeTrackPageTest.validateTitleTest(TimeTrackPageTest.java:31)
]]></failure>
    <system-out><![CDATA[Before navigating to: 'https://demo.actitime.com/login.do'
Navigated to:'https://demo.actitime.com/login.do'
user name : admin    password:  manager
Trying to find Element By : By.id: username
Found Element By : By.id: username
Trying to find Element By : By.name: pwd
Found Element By : By.name: pwd
Trying to find Element By : By.xpath: //div[text()='Login ']
Found Element By : By.xpath: //div[text()='Login ']
Trying to click on: [[ChromeDriver: chrome on WINDOWS (a6087d6d968d5547cf460cb48bb5ff7a)] -> xpath: //div[text()='Login ']]
Clicked on: [[ChromeDriver: chrome on WINDOWS (a6087d6d968d5547cf460cb48bb5ff7a)] -> xpath: //div[text()='Login ']]
after login button click
title: actiTIME - Login
]]></system-out>
    <system-err><![CDATA[Starting ChromeDriver 92.0.4515.43 (8c61b7e2989f2990d42f859cac71319137787cce-refs/branch-heads/4515@{#306}) on port 36046
Only local connections are allowed.
Please see https://chromedriver.chromium.org/security-considerations for suggestions on keeping ChromeDriver safe.
ChromeDriver was started successfully.
Aug 27, 2021 6:34:12 AM org.openqa.selenium.remote.ProtocolHandshake createSession
INFO: Detected dialect: W3C
]]></system-err>
  </testcase>
  <testcase name="validateSearchBoxDisplayedTest" classname="com.altitime.qa.testcase.TimeTrackPageTest" time="4.385">
    <system-out><![CDATA[Before navigating to: 'https://demo.actitime.com/login.do'
Navigated to:'https://demo.actitime.com/login.do'
user name : admin    password:  manager
Trying to find Element By : By.id: username
Found Element By : By.id: username
Trying to find Element By : By.name: pwd
Found Element By : By.name: pwd
Trying to find Element By : By.xpath: //div[text()='Login ']
Found Element By : By.xpath: //div[text()='Login ']
Trying to click on: [[ChromeDriver: chrome on WINDOWS (c5890e100abd1d77fa660045b8209d80)] -> xpath: //div[text()='Login ']]
Clicked on: [[ChromeDriver: chrome on WINDOWS (c5890e100abd1d77fa660045b8209d80)] -> xpath: //div[text()='Login ']]
after login button click
Trying to find Element By : By.id: taskSearchControl_field
Found Element By : By.id: taskSearchControl_field
]]></system-out>
    <system-err><![CDATA[Starting ChromeDriver 92.0.4515.43 (8c61b7e2989f2990d42f859cac71319137787cce-refs/branch-heads/4515@{#306}) on port 20863
Only local connections are allowed.
Please see https://chromedriver.chromium.org/security-considerations for suggestions on keeping ChromeDriver safe.
ChromeDriver was started successfully.
Aug 27, 2021 6:34:30 AM org.openqa.selenium.remote.ProtocolHandshake createSession
INFO: Detected dialect: W3C
]]></system-err>
  </testcase>
  <testcase name="validateLogoDisplayedTest" classname="com.altitime.qa.testcase.TimeTrackPageTest" time="3.854">
    <system-out><![CDATA[Before navigating to: 'https://demo.actitime.com/login.do'
Navigated to:'https://demo.actitime.com/login.do'
user name : admin    password:  manager
Trying to find Element By : By.id: username
Found Element By : By.id: username
Trying to find Element By : By.name: pwd
Found Element By : By.name: pwd
Trying to find Element By : By.xpath: //div[text()='Login ']
Found Element By : By.xpath: //div[text()='Login ']
Trying to click on: [[ChromeDriver: chrome on WINDOWS (b3691c28f4cb182b99eb80221227fdb6)] -> xpath: //div[text()='Login ']]
Clicked on: [[ChromeDriver: chrome on WINDOWS (b3691c28f4cb182b99eb80221227fdb6)] -> xpath: //div[text()='Login ']]
after login button click
Trying to find Element By : By.id: logo_aT
Found Element By : By.id: logo_aT
]]></system-out>
    <system-err><![CDATA[Starting ChromeDriver 92.0.4515.43 (8c61b7e2989f2990d42f859cac71319137787cce-refs/branch-heads/4515@{#306}) on port 28147
Only local connections are allowed.
Please see https://chromedriver.chromium.org/security-considerations for suggestions on keeping ChromeDriver safe.
ChromeDriver was started successfully.
Aug 27, 2021 6:34:53 AM org.openqa.selenium.remote.ProtocolHandshake createSession
INFO: Detected dialect: W3C
]]></system-err>
  </testcase>
  <testcase name="validateUserNameDisplayedTest" classname="com.altitime.qa.testcase.TimeTrackPageTest" time="4.11">
    <system-out><![CDATA[Before navigating to: 'https://demo.actitime.com/login.do'
Navigated to:'https://demo.actitime.com/login.do'
user name : admin    password:  manager
Trying to find Element By : By.id: username
Found Element By : By.id: username
Trying to find Element By : By.name: pwd
Found Element By : By.name: pwd
Trying to find Element By : By.xpath: //div[text()='Login ']
Found Element By : By.xpath: //div[text()='Login ']
Trying to click on: [[ChromeDriver: chrome on WINDOWS (ee55512399bfe6aaedf1d899a2e244f9)] -> xpath: //div[text()='Login ']]
Clicked on: [[ChromeDriver: chrome on WINDOWS (ee55512399bfe6aaedf1d899a2e244f9)] -> xpath: //div[text()='Login ']]
after login button click
Trying to find Element By : By.xpath: //a[@class='userProfileLink username ']
Found Element By : By.xpath: //a[@class='userProfileLink username ']
]]></system-out>
    <system-err><![CDATA[Starting ChromeDriver 92.0.4515.43 (8c61b7e2989f2990d42f859cac71319137787cce-refs/branch-heads/4515@{#306}) on port 38941
Only local connections are allowed.
Please see https://chromedriver.chromium.org/security-considerations for suggestions on keeping ChromeDriver safe.
ChromeDriver was started successfully.
Aug 27, 2021 6:35:14 AM org.openqa.selenium.remote.ProtocolHandshake createSession
INFO: Detected dialect: W3C
]]></system-err>
  </testcase>
  <testcase name="validateAddRecentTaskLinkDisplayedTest" classname="com.altitime.qa.testcase.TimeTrackPageTest" time="3.698">
    <system-out><![CDATA[Before navigating to: 'https://demo.actitime.com/login.do'
Navigated to:'https://demo.actitime.com/login.do'
user name : admin    password:  manager
Trying to find Element By : By.id: username
Found Element By : By.id: username
Trying to find Element By : By.name: pwd
Found Element By : By.name: pwd
Trying to find Element By : By.xpath: //div[text()='Login ']
Found Element By : By.xpath: //div[text()='Login ']
Trying to click on: [[ChromeDriver: chrome on WINDOWS (0255c82ac8e2e3be05ce46c34aa1fd95)] -> xpath: //div[text()='Login ']]
Clicked on: [[ChromeDriver: chrome on WINDOWS (0255c82ac8e2e3be05ce46c34aa1fd95)] -> xpath: //div[text()='Login ']]
after login button click
Trying to find Element By : By.xpath: //span[contains(text(),'Add Rece')]
Found Element By : By.xpath: //span[contains(text(),'Add Rece')]
]]></system-out>
    <system-err><![CDATA[Starting ChromeDriver 92.0.4515.43 (8c61b7e2989f2990d42f859cac71319137787cce-refs/branch-heads/4515@{#306}) on port 29882
Only local connections are allowed.
Please see https://chromedriver.chromium.org/security-considerations for suggestions on keeping ChromeDriver safe.
ChromeDriver was started successfully.
Aug 27, 2021 6:35:35 AM org.openqa.selenium.remote.ProtocolHandshake createSession
INFO: Detected dialect: W3C
]]></system-err>
  </testcase>
  <testcase name="validateAddRecentTaskButtonDisplayedTest" classname="com.altitime.qa.testcase.TimeTrackPageTest" time="4.847">
    <system-out><![CDATA[Before navigating to: 'https://demo.actitime.com/login.do'
Navigated to:'https://demo.actitime.com/login.do'
user name : admin    password:  manager
Trying to find Element By : By.id: username
Found Element By : By.id: username
Trying to find Element By : By.name: pwd
Found Element By : By.name: pwd
Trying to find Element By : By.xpath: //div[text()='Login ']
Found Element By : By.xpath: //div[text()='Login ']
Trying to click on: [[ChromeDriver: chrome on WINDOWS (c35c7a991e4ae29c1c0fb3acb2bc6908)] -> xpath: //div[text()='Login ']]
Clicked on: [[ChromeDriver: chrome on WINDOWS (c35c7a991e4ae29c1c0fb3acb2bc6908)] -> xpath: //div[text()='Login ']]
after login button click
Trying to find Element By : By.xpath: //span[contains(text(),'Add Task')]
Found Element By : By.xpath: //span[contains(text(),'Add Task')]
]]></system-out>
    <system-err><![CDATA[Starting ChromeDriver 92.0.4515.43 (8c61b7e2989f2990d42f859cac71319137787cce-refs/branch-heads/4515@{#306}) on port 5773
Only local connections are allowed.
Please see https://chromedriver.chromium.org/security-considerations for suggestions on keeping ChromeDriver safe.
ChromeDriver was started successfully.
Aug 27, 2021 6:35:48 AM org.openqa.selenium.remote.ProtocolHandshake createSession
INFO: Detected dialect: W3C
]]></system-err>
  </testcase>
  <testcase name="validateUserTabLinkDisplayedTest" classname="com.altitime.qa.testcase.TimeTrackPageTest" time="5.105">
    <system-out><![CDATA[Before navigating to: 'https://demo.actitime.com/login.do'
Navigated to:'https://demo.actitime.com/login.do'
user name : admin    password:  manager
Trying to find Element By : By.id: username
Found Element By : By.id: username
Trying to find Element By : By.name: pwd
Found Element By : By.name: pwd
Trying to find Element By : By.xpath: //div[text()='Login ']
Found Element By : By.xpath: //div[text()='Login ']
Trying to click on: [[ChromeDriver: chrome on WINDOWS (a8481b00b20c449a3908a4e3843e2cbc)] -> xpath: //div[text()='Login ']]
Clicked on: [[ChromeDriver: chrome on WINDOWS (a8481b00b20c449a3908a4e3843e2cbc)] -> xpath: //div[text()='Login ']]
after login button click
Trying to find Element By : By.xpath: //a[@class='content users']
Found Element By : By.xpath: //a[@class='content users']
]]></system-out>
    <system-err><![CDATA[Starting ChromeDriver 92.0.4515.43 (8c61b7e2989f2990d42f859cac71319137787cce-refs/branch-heads/4515@{#306}) on port 27304
Only local connections are allowed.
Please see https://chromedriver.chromium.org/security-considerations for suggestions on keeping ChromeDriver safe.
ChromeDriver was started successfully.
Aug 27, 2021 6:36:02 AM org.openqa.selenium.remote.ProtocolHandshake createSession
INFO: Detected dialect: W3C
]]></system-err>
  </testcase>
  <testcase name="clickOnUserTabLinkDisplayedTest" classname="com.altitime.qa.testcase.TimeTrackPageTest" time="6.517">
    <system-out><![CDATA[Before navigating to: 'https://demo.actitime.com/login.do'
Navigated to:'https://demo.actitime.com/login.do'
user name : admin    password:  manager
Trying to find Element By : By.id: username
Found Element By : By.id: username
Trying to find Element By : By.name: pwd
Found Element By : By.name: pwd
Trying to find Element By : By.xpath: //div[text()='Login ']
Found Element By : By.xpath: //div[text()='Login ']
Trying to click on: [[ChromeDriver: chrome on WINDOWS (547f80fd1bdea5eb9fb89f6b5bd2810f)] -> xpath: //div[text()='Login ']]
Clicked on: [[ChromeDriver: chrome on WINDOWS (547f80fd1bdea5eb9fb89f6b5bd2810f)] -> xpath: //div[text()='Login ']]
after login button click
Trying to find Element By : By.id: container_users
Found Element By : By.id: container_users
Trying to click on: [[ChromeDriver: chrome on WINDOWS (547f80fd1bdea5eb9fb89f6b5bd2810f)] -> id: container_users]
Clicked on: [[ChromeDriver: chrome on WINDOWS (547f80fd1bdea5eb9fb89f6b5bd2810f)] -> id: container_users]
]]></system-out>
    <system-err><![CDATA[Starting ChromeDriver 92.0.4515.43 (8c61b7e2989f2990d42f859cac71319137787cce-refs/branch-heads/4515@{#306}) on port 6446
Only local connections are allowed.
Please see https://chromedriver.chromium.org/security-considerations for suggestions on keeping ChromeDriver safe.
ChromeDriver was started successfully.
Aug 27, 2021 6:36:16 AM org.openqa.selenium.remote.ProtocolHandshake createSession
INFO: Detected dialect: W3C
]]></system-err>
  </testcase>
</testsuite>