<?xml version="1.0" encoding="UTF-8"?>
<!-- Generated by org.testng.reporters.JUnitReportReporter -->
<testsuite skipped="0" hostname="DESKTOP-559VS32" name="com.altitime.qa.testcase.TimeTrackPageTest" tests="8" failures="1" timestamp="27 Aug 2021 01:06:31 GMT" time="105.360" errors="0">
  <testcase name="validateTitleTest" time="9.249" classname="com.altitime.qa.testcase.TimeTrackPageTest">
    <failure type="java.lang.AssertionError" message="Title was not matched in time track page expected [actiTIME -  View Time-Track] but found [actiTIME - Login]">
      <![CDATA[java.lang.AssertionError: Title was not matched in time track page expected [actiTIME -  View Time-Track] but found [actiTIME - Login]
	at org.testng.Assert.fail(Assert.java:93)
	at org.testng.Assert.failNotEquals(Assert.java:512)
	at org.testng.Assert.assertEqualsImpl(Assert.java:134)
	at org.testng.Assert.assertEquals(Assert.java:115)
	at org.testng.Assert.assertEquals(Assert.java:189)
	at com.altitime.qa.testcase.TimeTrackPageTest.validateTitleTest(TimeTrackPageTest.java:31)
	at sun.reflect.NativeMethodAccessorImpl.invoke0(Native Method)
	at sun.reflect.NativeMethodAccessorImpl.invoke(NativeMethodAccessorImpl.java:62)
	at sun.reflect.DelegatingMethodAccessorImpl.invoke(DelegatingMethodAccessorImpl.java:43)
	at java.lang.reflect.Method.invoke(Method.java:498)
	at org.testng.internal.MethodInvocationHelper.invokeMethod(MethodInvocationHelper.java:108)
	at org.testng.internal.Invoker.invokeMethod(Invoker.java:661)
	at org.testng.internal.Invoker.invokeTestMethod(Invoker.java:869)
	at org.testng.internal.Invoker.invokeTestMethods(Invoker.java:1193)
	at org.testng.internal.TestMethodWorker.invokeTestMethods(TestMethodWorker.java:126)
	at org.testng.internal.TestMethodWorker.run(TestMethodWorker.java:109)
	at org.testng.TestRunner.privateRun(TestRunner.java:744)
	at org.testng.TestRunner.run(TestRunner.java:602)
	at org.testng.SuiteRunner.runTest(SuiteRunner.java:380)
	at org.testng.SuiteRunner.runSequentially(SuiteRunner.java:375)
	at org.testng.SuiteRunner.privateRun(SuiteRunner.java:340)
	at org.testng.SuiteRunner.run(SuiteRunner.java:289)
	at org.testng.SuiteRunnerWorker.runSuite(SuiteRunnerWorker.java:52)
	at org.testng.SuiteRunnerWorker.run(SuiteRunnerWorker.java:86)
	at org.testng.TestNG.runSuitesSequentially(TestNG.java:1301)
	at org.testng.TestNG.runSuitesLocally(TestNG.java:1226)
	at org.testng.TestNG.runSuites(TestNG.java:1144)
	at org.testng.TestNG.run(TestNG.java:1115)
	at org.apache.maven.surefire.testng.TestNGExecutor.run(TestNGExecutor.java:284)
	at org.apache.maven.surefire.testng.TestNGXmlTestSuite.execute(TestNGXmlTestSuite.java:75)
	at org.apache.maven.surefire.testng.TestNGProvider.invoke(TestNGProvider.java:119)
	at org.apache.maven.surefire.booter.ForkedBooter.runSuitesInProcess(ForkedBooter.java:428)
	at org.apache.maven.surefire.booter.ForkedBooter.execute(ForkedBooter.java:162)
	at org.apache.maven.surefire.booter.ForkedBooter.run(ForkedBooter.java:562)
	at org.apache.maven.surefire.booter.ForkedBooter.main(ForkedBooter.java:548)
]]>
    </failure>
  </testcase> <!-- validateTitleTest -->
  <testcase name="validateSearchBoxDisplayedTest" time="13.208" classname="com.altitime.qa.testcase.TimeTrackPageTest"/>
  <testcase name="validateLogoDisplayedTest" time="12.886" classname="com.altitime.qa.testcase.TimeTrackPageTest"/>
  <testcase name="validateUserNameDisplayedTest" time="12.646" classname="com.altitime.qa.testcase.TimeTrackPageTest"/>
  <testcase name="validateAddRecentTaskLinkDisplayedTest" time="13.292" classname="com.altitime.qa.testcase.TimeTrackPageTest"/>
  <testcase name="validateAddRecentTaskButtonDisplayedTest" time="13.051" classname="com.altitime.qa.testcase.TimeTrackPageTest"/>
  <testcase name="validateUserTabLinkDisplayedTest" time="14.947" classname="com.altitime.qa.testcase.TimeTrackPageTest"/>
  <testcase name="clickOnUserTabLinkDisplayedTest" time="16.081" classname="com.altitime.qa.testcase.TimeTrackPageTest"/>
</testsuite> <!-- com.altitime.qa.testcase.TimeTrackPageTest -->
